TN:
SF:/home/zodomo/code/working/omni/contracts/core/src/libraries/ConfLevel.sol
FN:25,ConfLevel.isValid
FNDA:0,ConfLevel.isValid
DA:26,0
FN:32,ConfLevel.toBroadcastShard
FNDA:0,ConfLevel.toBroadcastShard
DA:33,0
FNF:2
FNH:0
LF:2
LH:0
BRF:0
BRH:0
end_of_record
TN:
SF:/home/zodomo/code/working/omni/contracts/core/test/utils/MockFeeOracle.sol
FN:13,MockFeeOracle.
FNDA:84,MockFeeOracle.
DA:14,84
FN:17,MockFeeOracle.feeFor
FNDA:49,MockFeeOracle.feeFor
DA:18,49
FN:21,MockFeeOracle.version
FNDA:0,MockFeeOracle.version
DA:22,0
FNF:3
FNH:2
LF:3
LH:2
BRF:0
BRH:0
end_of_record
TN:
SF:../core/src/libraries/ConfLevel.sol
FN:25,ConfLevel.isValid
FNDA:0,ConfLevel.isValid
DA:26,0
FN:32,ConfLevel.toBroadcastShard
FNDA:0,ConfLevel.toBroadcastShard
DA:33,0
FNF:2
FNH:0
LF:2
LH:0
BRF:0
BRH:0
end_of_record
TN:
SF:../core/src/pkg/XAppBase.sol
FN:42,XAppBase.xrecv
FNDA:22,XAppBase.xrecv
DA:43,22
DA:45,14
FN:51,XAppBase.isXCall
FNDA:0,XAppBase.isXCall
DA:52,0
FN:58,XAppBase.feeFor
FNDA:26,XAppBase.feeFor
DA:59,26
FN:65,XAppBase.omniChainId
FNDA:0,XAppBase.omniChainId
DA:66,0
FN:83,XAppBase.xcall
FNDA:0,XAppBase.xcall
DA:84,0
DA:85,0
BRDA:85,0,0,-
BRDA:85,0,1,-
DA:86,0
DA:87,0
FN:105,XAppBase.xcall
FNDA:12,XAppBase.xcall
DA:109,12
DA:110,12
BRDA:110,1,0,1
BRDA:110,1,1,11
DA:111,11
DA:112,11
FN:119,XAppBase._setDefaultConfLevel
FNDA:0,XAppBase._setDefaultConfLevel
DA:120,0
BRDA:120,2,0,-
BRDA:120,2,1,-
DA:121,0
DA:122,0
FN:129,XAppBase._setOmniPortal
FNDA:135,XAppBase._setOmniPortal
DA:130,135
BRDA:130,3,0,-
BRDA:130,3,1,135
DA:131,135
DA:132,135
FNF:8
FNH:4
LF:19
LH:10
BRF:8
BRH:3
end_of_record
TN:
SF:../core/test/utils/MockPortal.sol
FN:38,MockPortal.
FNDA:84,MockPortal.
DA:39,84
DA:40,84
DA:41,84
FN:48,MockPortal.xcall
FNDA:11,MockPortal.xcall
DA:49,11
BRDA:49,0,0,-
BRDA:49,0,1,11
DA:50,11
BRDA:50,1,0,-
BRDA:50,1,1,11
DA:51,11
BRDA:51,2,0,-
BRDA:51,2,1,11
DA:52,11
BRDA:52,3,0,-
BRDA:52,3,1,11
DA:53,11
BRDA:53,4,0,-
BRDA:53,4,1,11
DA:55,11
DA:56,11
BRDA:56,5,0,-
BRDA:56,5,1,11
DA:58,11
DA:59,11
DA:61,11
FN:64,MockPortal.feeFor
FNDA:38,MockPortal.feeFor
DA:65,49
FN:68,MockPortal.xmsg
FNDA:22,MockPortal.xmsg
DA:69,22
FN:72,MockPortal.isXCall
FNDA:0,MockPortal.isXCall
DA:73,0
FN:77,MockPortal.network
FNDA:0,MockPortal.network
DA:78,0
FN:86,MockPortal.mockXCall
FNDA:8,MockPortal.mockXCall
DA:90,8
DA:92,8
DA:93,8
DA:94,8
DA:96,8
DA:98,8
BRDA:98,6,0,3
DA:100,3
DA:104,5
FN:108,MockPortal.mockXCall
FNDA:13,MockPortal.mockXCall
DA:112,13
BRDA:112,7,0,-
BRDA:112,7,1,13
DA:113,13
BRDA:113,8,0,-
BRDA:113,8,1,13
DA:115,13
DA:117,13
DA:118,13
DA:119,13
DA:121,13
DA:123,13
BRDA:123,9,0,-
DA:124,13
BRDA:124,10,0,4
DA:126,4
DA:130,9
FN:137,MockPortal.xsubmit
FNDA:0,MockPortal.xsubmit
FNF:9
FNH:6
LF:36
LH:34
BRF:19
BRH:10
end_of_record
TN:
SF:src/ERC7683/SolverNetExecutor.sol
FN:21,SolverNetExecutor.onlyOutbox
FNDA:13,SolverNetExecutor.onlyOutbox
DA:22,13
BRDA:22,0,0,1
FN:26,SolverNetExecutor.
FNDA:51,SolverNetExecutor.
DA:27,51
FN:34,SolverNetExecutor.approve
FNDA:12,SolverNetExecutor.approve
DA:35,11
FN:41,SolverNetExecutor.execute
FNDA:13,SolverNetExecutor.execute
DA:42,12
DA:43,12
DA:44,12
BRDA:44,1,0,1
FN:51,SolverNetExecutor.transfer
FNDA:2,SolverNetExecutor.transfer
DA:52,1
FN:59,SolverNetExecutor.transferNative
FNDA:2,SolverNetExecutor.transferNative
DA:60,1
FN:71,SolverNetExecutor.
FNDA:0,SolverNetExecutor.
FNF:7
FNH:6
LF:8
LH:8
BRF:2
BRH:2
end_of_record
TN:
SF:src/ERC7683/SolverNetInbox.sol
FN:65,SolverNetInbox.
FNDA:51,SolverNetInbox.
DA:66,51
FN:75,SolverNetInbox.initialize
FNDA:51,SolverNetInbox.initialize
DA:76,51
DA:77,51
DA:78,51
DA:79,51
FN:86,SolverNetInbox.getOrder
FNDA:17,SolverNetInbox.getOrder
DA:91,17
FN:97,SolverNetInbox.getNextId
FNDA:19,SolverNetInbox.getNextId
DA:98,19
FN:105,SolverNetInbox.getLatestOrderIdByStatus
FNDA:52,SolverNetInbox.getLatestOrderIdByStatus
DA:106,52
FN:113,SolverNetInbox.validate
FNDA:19,SolverNetInbox.validate
DA:114,19
DA:115,6
FN:122,SolverNetInbox.resolve
FNDA:40,SolverNetInbox.resolve
DA:123,70
DA:124,70
DA:125,70
DA:126,70
DA:128,70
DA:129,70
DA:130,74
DA:131,74
DA:139,70
DA:140,70
DA:141,74
DA:142,74
DA:150,70
DA:151,70
DA:165,70
FN:182,SolverNetInbox.open
FNDA:36,SolverNetInbox.open
DA:183,36
DA:185,34
DA:187,30
DA:189,30
FN:197,SolverNetInbox.accept
FNDA:20,SolverNetInbox.accept
DA:198,19
DA:199,19
BRDA:199,0,0,1
DA:200,18
BRDA:200,1,0,1
DA:202,17
DA:203,17
DA:204,17
DA:206,17
FN:215,SolverNetInbox.reject
FNDA:7,SolverNetInbox.reject
DA:216,5
DA:217,5
DA:218,5
BRDA:218,2,0,2
DA:219,2
BRDA:219,3,0,1
BRDA:219,3,1,1
DA:220,1
BRDA:220,4,0,-
DA:222,1
DA:226,4
DA:227,4
DA:228,4
DA:230,4
FN:238,SolverNetInbox.cancel
FNDA:5,SolverNetInbox.cancel
DA:239,5
DA:240,5
DA:241,5
BRDA:241,5,0,1
DA:242,4
BRDA:242,6,0,1
DA:244,3
DA:245,3
DA:246,3
DA:248,3
FN:257,SolverNetInbox.markFilled
FNDA:13,SolverNetInbox.markFilled
DA:258,13
DA:259,13
DA:260,13
BRDA:260,7,0,1
DA:261,12
BRDA:261,8,0,1
DA:262,11
BRDA:262,9,0,1
DA:265,10
BRDA:265,10,0,1
DA:266,1
DA:269,9
DA:270,9
DA:272,9
FN:280,SolverNetInbox.claim
FNDA:9,SolverNetInbox.claim
DA:281,9
DA:282,9
DA:283,9
BRDA:283,11,0,1
DA:284,8
BRDA:284,12,0,1
DA:286,7
DA:288,7
DA:289,7
DA:291,6
FN:298,SolverNetInbox._parseOrder
FNDA:125,SolverNetInbox._parseOrder
DA:299,125
BRDA:299,13,0,1
DA:300,124
BRDA:300,14,0,1
DA:301,123
BRDA:301,15,0,1
DA:303,122
DA:304,122
DA:305,122
DA:306,122
DA:308,122
BRDA:308,16,0,1
DA:310,121
DA:311,121
BRDA:311,17,0,1
DA:312,120
DA:313,120
DA:314,120
BRDA:314,18,0,1
DA:315,119
BRDA:315,19,0,1
DA:318,118
BRDA:318,20,0,5
DA:322,118
DA:323,118
BRDA:323,21,0,1
DA:324,117
DA:325,127
DA:326,127
BRDA:326,22,0,2
DA:327,125
BRDA:327,23,0,21
DA:328,2
BRDA:328,24,0,2
DA:329,19
DA:333,113
DA:334,113
DA:335,113
DA:336,122
DA:337,122
BRDA:337,25,0,1
DA:338,121
BRDA:338,26,0,7
DA:339,1
BRDA:339,27,0,1
DA:340,6
DA:343,6
DA:347,111
BRDA:347,28,0,1
DA:349,110
FN:357,SolverNetInbox._processDeposits
FNDA:34,SolverNetInbox._processDeposits
DA:358,34
DA:359,34
DA:361,34
DA:362,36
DA:364,36
BRDA:364,29,0,5
BRDA:364,29,1,3
DA:366,5
BRDA:366,30,0,1
DA:367,4
BRDA:367,31,0,1
DA:368,3
DA:371,31
DA:372,31
DA:376,31
BRDA:376,32,0,1
FN:384,SolverNetInbox._openOrder
FNDA:30,SolverNetInbox._openOrder
DA:388,30
DA:390,30
DA:391,30
DA:392,30
DA:393,30
DA:394,30
DA:395,30
DA:396,30
DA:398,30
DA:399,32
DA:402,30
DA:403,32
DA:406,30
DA:407,30
DA:410,30
DA:412,30
FN:420,SolverNetInbox._transferDeposits
FNDA:14,SolverNetInbox._transferDeposits
DA:421,14
BRDA:421,33,0,1
DA:423,13
DA:424,15
DA:425,15
BRDA:425,34,0,3
BRDA:425,34,1,12
DA:426,3
DA:428,12
DA:429,12
FN:437,SolverNetInbox._nextId
FNDA:89,SolverNetInbox._nextId
DA:438,89
FN:444,SolverNetInbox._incrementId
FNDA:30,SolverNetInbox._incrementId
DA:445,30
FN:453,SolverNetInbox._fillHash
FNDA:10,SolverNetInbox._fillHash
DA:454,10
FN:460,SolverNetInbox._upsertOrder
FNDA:70,SolverNetInbox._upsertOrder
DA:461,70
DA:462,70
DA:463,70
FNF:21
FNH:21
LF:146
LH:146
BRF:38
BRH:37
end_of_record
TN:
SF:src/ERC7683/SolverNetOutbox.sol
FN:61,SolverNetOutbox.
FNDA:51,SolverNetOutbox.
DA:62,51
FN:71,SolverNetOutbox.initialize
FNDA:51,SolverNetOutbox.initialize
DA:72,51
DA:73,51
DA:74,51
DA:75,51
DA:76,51
FN:82,SolverNetOutbox.executor
FNDA:9,SolverNetOutbox.executor
DA:83,9
FN:91,SolverNetOutbox.fillFee
FNDA:24,SolverNetOutbox.fillFee
DA:92,24
FN:100,SolverNetOutbox.didFill
FNDA:7,SolverNetOutbox.didFill
DA:101,7
FN:110,SolverNetOutbox.fill
FNDA:14,SolverNetOutbox.fill
DA:116,14
DA:117,13
DA:118,13
DA:120,13
BRDA:120,0,0,1
DA:121,12
BRDA:121,1,0,1
DA:123,11
DA:124,11
FN:131,SolverNetOutbox.withExpenses
FNDA:11,SolverNetOutbox.withExpenses
DA:133,11
DA:134,12
DA:135,12
DA:137,12
BRDA:137,2,0,11
DA:138,11
DA:139,11
DA:141,11
BRDA:141,3,0,10
DA:153,11
DA:154,12
DA:155,12
DA:157,12
BRDA:157,4,0,11
DA:158,11
DA:159,11
DA:161,11
BRDA:161,5,0,10
DA:162,10
BRDA:162,6,0,1
DA:163,1
DA:167,11
BRDA:167,7,0,1
DA:168,1
DA:174,11
DA:175,11
BRDA:175,8,0,1
FN:183,SolverNetOutbox._executeCalls
FNDA:11,SolverNetOutbox._executeCalls
DA:184,11
DA:185,11
DA:186,11
FN:197,SolverNetOutbox._markFilled
FNDA:11,SolverNetOutbox._markFilled
DA:199,1
BRDA:199,9,0,1
DA:200,10
DA:202,10
DA:203,10
DA:205,10
DA:210,10
DA:217,10
BRDA:217,10,0,1
DA:220,9
DA:221,9
BRDA:221,11,0,1
DA:223,9
FN:229,SolverNetOutbox._fillHash
FNDA:18,SolverNetOutbox._fillHash
DA:230,18
FNF:10
FNH:10
LF:50
LH:50
BRF:12
BRH:12
end_of_record
TN:
SF:src/ERC7683/lib/AddrUtils.sol
FN:9,AddrUtils.toBytes32
FNDA:370,AddrUtils.toBytes32
DA:10,370
FN:17,AddrUtils.toAddress
FNDA:151,AddrUtils.toAddress
DA:18,151
FNF:2
FNH:2
LF:2
LH:2
BRF:0
BRH:0
end_of_record
TN:
SF:src/SolveInbox.sol
FN:66,SolveInbox.
FNDA:30,SolveInbox.
DA:67,30
FN:76,SolveInbox.initialize
FNDA:30,SolveInbox.initialize
DA:77,30
DA:78,30
DA:79,30
DA:80,30
FN:86,SolveInbox.getRequest
FNDA:39,SolveInbox.getRequest
DA:87,39
FN:93,SolveInbox.getLatestRequestByStatus
FNDA:28,SolveInbox.getLatestRequestByStatus
DA:94,28
FN:100,SolveInbox.getUpdateHistory
FNDA:31,SolveInbox.getUpdateHistory
DA:101,31
FN:110,SolveInbox.request
FNDA:49,SolveInbox.request
DA:116,49
BRDA:116,0,0,1
DA:117,48
BRDA:117,1,0,1
DA:118,47
BRDA:118,2,0,1
DA:119,46
BRDA:119,3,0,1
DA:121,45
DA:123,42
DA:125,42
FN:133,SolveInbox.accept
FNDA:19,SolveInbox.accept
DA:134,17
DA:135,17
BRDA:135,4,0,4
DA:137,13
DA:138,13
DA:139,13
DA:141,13
DA:143,13
FN:152,SolveInbox.reject
FNDA:13,SolveInbox.reject
DA:153,12
DA:154,12
BRDA:154,5,0,3
DA:156,9
DA:157,9
DA:159,9
DA:161,9
FN:169,SolveInbox.cancel
FNDA:18,SolveInbox.cancel
DA:170,18
DA:171,18
BRDA:171,6,0,4
DA:172,14
BRDA:172,7,0,1
DA:174,13
DA:175,13
DA:177,13
DA:179,13
DA:181,13
FN:188,SolveInbox.markFulfilled
FNDA:9,SolveInbox.markFulfilled
DA:189,9
DA:190,9
BRDA:190,8,0,1
DA:191,8
BRDA:191,9,0,1
DA:192,7
BRDA:192,10,0,1
DA:195,6
BRDA:195,11,0,1
DA:197,5
DA:198,5
DA:200,5
DA:202,5
FN:210,SolveInbox.claim
FNDA:8,SolveInbox.claim
DA:211,8
DA:212,8
BRDA:212,12,0,3
DA:213,5
BRDA:213,13,0,1
DA:215,4
DA:216,4
DA:218,4
DA:220,4
DA:222,3
FN:228,SolveInbox._transferDeposits
FNDA:17,SolveInbox._transferDeposits
DA:229,17
BRDA:229,14,0,1
DA:231,16
DA:232,13
BRDA:232,15,0,13
BRDA:232,15,1,10
DA:233,13
DA:234,13
BRDA:234,16,0,-
DA:236,10
FN:246,SolveInbox._openRequest
FNDA:45,SolveInbox._openRequest
DA:250,45
DA:252,45
DA:253,45
DA:254,45
DA:255,45
DA:256,45
DA:257,45
DA:259,45
DA:261,45
BRDA:261,17,0,36
DA:262,36
DA:265,45
DA:266,21
BRDA:266,18,0,1
DA:267,20
BRDA:267,19,0,1
DA:269,19
DA:273,19
FN:280,SolveInbox._nextId
FNDA:45,SolveInbox._nextId
DA:281,45
DA:282,45
FN:288,SolveInbox._callHash
FNDA:6,SolveInbox._callHash
DA:289,6
FNF:15
FNH:15
LF:77
LH:77
BRF:21
BRH:20
end_of_record
TN:
SF:src/SolveOutbox.sol
FN:73,SolveOutbox.
FNDA:3,SolveOutbox.
DA:74,3
FN:83,SolveOutbox.initialize
FNDA:3,SolveOutbox.initialize
DA:84,3
DA:85,3
DA:86,3
DA:87,3
FN:94,SolveOutbox.fulfillFee
FNDA:2,SolveOutbox.fulfillFee
DA:95,2
FN:104,SolveOutbox.didFulfill
FNDA:1,SolveOutbox.didFulfill
DA:105,1
FN:114,SolveOutbox.setAllowedCall
FNDA:6,SolveOutbox.setAllowedCall
DA:115,6
DA:116,6
FN:126,SolveOutbox.fulfill
FNDA:9,SolveOutbox.fulfill
DA:132,8
BRDA:132,0,0,1
DA:133,7
BRDA:133,1,0,1
DA:136,6
DA:137,1
BRDA:137,2,0,1
DA:138,5
DA:141,5
DA:142,5
DA:143,4
DA:144,4
DA:145,3
DA:149,4
DA:150,4
BRDA:150,3,0,1
DA:153,3
DA:154,3
BRDA:154,4,0,1
DA:158,2
DA:159,2
DA:160,1
BRDA:160,5,0,-
DA:162,1
FN:168,SolveOutbox._callHash
FNDA:9,SolveOutbox._callHash
DA:169,9
FNF:7
FNH:7
LF:28
LH:28
BRF:6
BRH:5
end_of_record
TN:
SF:src/util/DeployedAt.sol
FN:22,DeployedAt.
FNDA:135,DeployedAt.
DA:24,135
BRDA:24,0,0,-
BRDA:24,0,1,-
DA:25,0
DA:26,0
DA:27,0
DA:28,0
DA:31,135
FN:39,DeployedAt._isContract
FNDA:135,DeployedAt._isContract
DA:40,135
DA:42,135
DA:44,135
FNF:2
FNH:2
LF:9
LH:5
BRF:2
BRH:0
end_of_record
TN:
SF:test/ERC7683/TestBase.sol
FN:55,TestBase.prankUser
FNDA:0,TestBase.prankUser
DA:56,0
DA:58,0
FN:61,TestBase.setUp
FNDA:51,TestBase.setUp
DA:62,51
DA:63,51
DA:64,51
DA:65,51
DA:67,51
DA:68,51
DA:69,51
DA:71,51
DA:72,51
DA:73,51
DA:74,51
FN:77,TestBase.getVaultCalldata
FNDA:51,TestBase.getVaultCalldata
DA:78,51
FN:81,TestBase.getMultiTokenVaultCalldata
FNDA:2,TestBase.getMultiTokenVaultCalldata
DA:86,2
DA:87,2
DA:89,2
DA:90,4
DA:91,4
DA:94,2
FN:97,TestBase.getOrderDataBytes
FNDA:10,TestBase.getOrderDataBytes
DA:105,10
DA:106,10
DA:107,10
FN:123,TestBase.randOrder
FNDA:36,TestBase.randOrder
DA:124,36
DA:126,36
DA:127,36
DA:129,36
DA:130,36
DA:136,36
DA:137,36
DA:143,36
DA:151,36
FN:163,TestBase.randNativeOrder
FNDA:2,TestBase.randNativeOrder
DA:164,2
DA:166,2
DA:167,2
DA:169,2
DA:170,2
DA:176,2
DA:177,2
DA:183,2
DA:191,2
FN:198,TestBase.randMultiTokenOrder
FNDA:2,TestBase.randMultiTokenOrder
DA:202,2
DA:203,2
DA:204,4
BRDA:204,0,0,1
DA:205,0
BRDA:205,1,0,-
DA:206,1
DA:210,1
BRDA:210,2,0,1
DA:211,2
DA:212,4
BRDA:212,3,0,1
DA:213,0
BRDA:213,4,0,-
DA:214,1
DA:218,2
DA:219,2
DA:220,4
DA:221,4
DA:224,2
DA:225,2
DA:226,2
DA:227,4
DA:228,4
DA:233,4
BRDA:233,5,0,1
DA:236,2
DA:237,2
DA:243,2
DA:251,2
FN:258,TestBase.fundUser
FNDA:28,TestBase.fundUser
DA:259,28
DA:260,30
DA:261,30
BRDA:261,6,0,1
DA:262,1
DA:263,1
DA:266,29
DA:267,29
DA:268,29
DA:269,29
FN:273,TestBase.fundSolver
FNDA:11,TestBase.fundSolver
DA:274,11
DA:275,11
DA:276,13
DA:277,13
BRDA:277,7,0,1
DA:278,1
DA:279,1
DA:282,12
DA:283,12
DA:284,12
DA:285,12
DA:288,11
BRDA:288,8,0,10
FN:291,TestBase.deploySolverNetInbox
FNDA:51,TestBase.deploySolverNetInbox
DA:292,51
DA:293,51
FN:296,TestBase.deploySolverNetOutbox
FNDA:51,TestBase.deploySolverNetOutbox
DA:297,51
DA:298,51
FN:302,TestBase.initializeInbox
FNDA:51,TestBase.initializeInbox
DA:303,51
FN:307,TestBase.initializeOutbox
FNDA:51,TestBase.initializeOutbox
DA:308,51
FN:311,TestBase.fillHash
FNDA:13,TestBase.fillHash
DA:312,13
FN:315,TestBase.assertResolved
FNDA:12,TestBase.assertResolved
DA:321,12
DA:322,12
DA:323,12
DA:324,12
DA:325,12
DA:326,12
DA:328,12
DA:329,12
DA:330,12
DA:331,12
DA:332,12
DA:333,12
DA:335,12
DA:336,12
DA:337,12
DA:338,12
DA:339,12
DA:340,12
DA:343,12
DA:344,12
DA:345,12
DA:348,12
DA:351,12
DA:352,12
DA:353,12
DA:354,12
DA:357,12
DA:358,12
DA:361,12
DA:362,12
DA:367,12
DA:372,12
FN:389,TestBase.assertNullOrder
FNDA:1,TestBase.assertNullOrder
DA:390,1
DA:391,1
DA:392,1
DA:393,1
DA:395,1
DA:396,1
DA:397,1
DA:398,1
DA:399,1
DA:400,1
DA:401,1
DA:402,1
DA:403,1
DA:404,1
DA:405,1
DA:406,1
FN:409,TestBase.assertOpenedOrder
FNDA:1,TestBase.assertOpenedOrder
DA:410,1
DA:411,1
DA:412,1
DA:413,1
DA:415,1
DA:416,1
DA:417,1
DA:418,1
DA:419,1
DA:420,1
DA:421,1
DA:422,1
DA:423,1
DA:424,1
DA:425,1
DA:426,1
FN:431,TestBase.assertAcceptedOrder
FNDA:1,TestBase.assertAcceptedOrder
DA:432,1
DA:433,1
DA:434,1
DA:435,1
DA:437,1
DA:438,1
DA:439,1
DA:440,1
DA:441,1
DA:442,1
DA:443,1
DA:444,1
DA:445,1
DA:446,1
DA:447,1
DA:448,1
DA:449,1
DA:452,1
FN:459,TestBase.assertVaultDeposit
FNDA:1,TestBase.assertVaultDeposit
DA:460,1
DA:461,1
DA:463,1
DA:464,1
DA:465,1
DA:466,1
DA:467,1
FN:470,TestBase.assertFulfilledOrder
FNDA:1,TestBase.assertFulfilledOrder
DA:471,1
DA:472,1
DA:473,1
DA:474,1
DA:476,1
DA:477,1
DA:478,1
DA:479,1
DA:480,1
DA:481,1
DA:482,1
DA:483,1
DA:484,1
DA:485,1
DA:486,1
DA:487,1
DA:488,1
DA:489,1
DA:490,1
DA:493,1
DA:498,1
FN:501,TestBase.assertClaimedOrder
FNDA:1,TestBase.assertClaimedOrder
DA:502,1
DA:503,1
DA:504,1
DA:505,1
DA:507,1
DA:508,1
DA:509,1
DA:510,1
DA:511,1
DA:512,1
DA:513,1
DA:514,1
DA:515,1
DA:516,1
DA:517,1
DA:518,1
DA:519,1
DA:520,1
DA:521,1
DA:522,1
DA:523,1
DA:526,1
DA:527,1
FNF:22
FNH:21
LF:225
LH:221
BRF:9
BRH:7
end_of_record
TN:
SF:test/InboxBase.sol
FN:28,InboxBase.prankUser
FNDA:1,InboxBase.prankUser
DA:29,1
DA:31,1
FN:34,InboxBase.setUp
FNDA:30,InboxBase.setUp
DA:35,30
DA:36,30
DA:37,30
DA:38,30
FN:41,InboxBase.randCall
FNDA:29,InboxBase.randCall
DA:42,29
DA:43,29
FN:51,InboxBase.mintAndApprove
FNDA:12,InboxBase.mintAndApprove
DA:52,12
DA:53,18
DA:54,18
FN:58,InboxBase.deploySolveInbox
FNDA:30,InboxBase.deploySolveInbox
DA:59,30
DA:60,30
FN:71,InboxBase.callHash
FNDA:9,InboxBase.callHash
DA:72,9
FN:75,InboxBase.callHash
FNDA:9,InboxBase.callHash
DA:76,9
FNF:7
FNH:7
LF:15
LH:15
BRF:0
BRH:0
end_of_record
TN:
SF:test/Outbox_fulfill.t.sol
FN:206,OutboxHarness.setDidFullfill
FNDA:2,OutboxHarness.setDidFullfill
DA:207,2
FNF:1
FNH:1
LF:1
LH:1
BRF:0
BRH:0
end_of_record
TN:
SF:test/utils/MockERC20.sol
FN:11,MockERC20.
FNDA:270,MockERC20.
FN:15,MockERC20.mint
FNDA:63,MockERC20.mint
DA:16,63
FNF:2
FNH:2
LF:1
LH:1
BRF:0
BRH:0
end_of_record
TN:
SF:test/utils/MockMultiTokenVault.sol
FN:16,MockMultiTokenVault.
FNDA:51,MockMultiTokenVault.
FN:18,MockMultiTokenVault.deposit
FNDA:2,MockMultiTokenVault.deposit
DA:19,2
BRDA:19,0,0,-
DA:21,2
DA:22,4
BRDA:22,1,0,1
BRDA:22,1,1,3
DA:23,1
BRDA:23,2,0,-
DA:24,1
DA:26,3
DA:27,3
FN:32,MockMultiTokenVault.withdraw
FNDA:0,MockMultiTokenVault.withdraw
DA:33,0
BRDA:33,3,0,-
DA:35,0
DA:37,0
BRDA:37,4,0,-
BRDA:37,4,1,-
DA:38,0
DA:40,0
FNF:3
FNH:2
LF:12
LH:7
BRF:7
BRH:2
end_of_record
TN:
SF:test/utils/MockVault.sol
FN:13,MockVault.
FNDA:57,MockVault.
DA:14,57
FN:17,MockVault.deposit
FNDA:10,MockVault.deposit
DA:18,10
DA:19,9
FN:22,MockVault.withdraw
FNDA:0,MockVault.withdraw
DA:23,0
DA:24,0
FNF:3
FNH:2
LF:5
LH:3
BRF:0
BRH:0
end_of_record
TN:
SF:test/utils/Refunder.sol
FN:9,Refunder._refund
FNDA:1,Refunder._refund
DA:10,1
FN:17,Refunder.
FNDA:1,Refunder.
DA:18,1
FNF:2
FNH:2
LF:2
LH:2
BRF:0
BRH:0
end_of_record
TN:
SF:test/utils/Reverter.sol
FN:9,Reverter.
FNDA:1,Reverter.
DA:10,1
FNF:1
FNH:1
LF:1
LH:1
BRF:0
BRH:0
end_of_record
